============================= test session starts =============================
platform win32 -- Python 3.13.5, pytest-8.4.1, pluggy-1.6.0
rootdir: C:\Users\stuib\PycharmProjects\ananta
configfile: pyproject.toml
plugins: flask-1.3.0, mock-3.15.1
collected 1 item
tests\test_task_flow.py .                                                [100%]
============================== warnings summary ===============================
..\..\AppData\Roaming\Python\Python313\site-packages\pydantic_settings\sources\providers\secrets.py:60
  C:\Users\stuib\AppData\Roaming\Python\Python313\site-packages\pydantic_settings\sources\providers\secrets.py:60: UserWarning: directory "secrets" does not exist
    warnings.warn(f'directory "{path}" does not exist')
tests/test_task_flow.py::test_task_propose_and_execute
  C:\Users\stuib\AppData\Roaming\Python\Python313\site-packages\portalocker\utils.py:231: UserWarning: timeout has no effect in blocking mode
    warnings.warn(
-- Docs: https://docs.pytest.org/en/stable/how-to/capture-warnings.html
======================== 1 passed, 2 warnings in 0.13s ========================
--- Logging error ---
Traceback (most recent call last):
  File "C:\Python313\Lib\logging\__init__.py", line 1154, in emit
    stream.write(msg + self.terminator)
    ~~~~~~~~~~~~^^^^^^^^^^^^^^^^^^^^^^^
ValueError: I/O operation on closed file.
Call stack:
  File "C:\Python313\Lib\threading.py", line 1014, in _bootstrap
    self._bootstrap_inner()
  File "C:\Python313\Lib\threading.py", line 1043, in _bootstrap_inner
    self.run()
  File "C:\Python313\Lib\threading.py", line 994, in run
    self._target(*self._args, **self._kwargs)
  File "C:\Users\stuib\PycharmProjects\ananta\agent\ai_agent.py", line 177, in run_register
    success = register_with_hub(
  File "C:\Users\stuib\PycharmProjects\ananta\agent\utils.py", line 295, in register_with_hub
    response = _http_post(f"{hub_url}/register", payload)
  File "C:\Users\stuib\PycharmProjects\ananta\agent\utils.py", line 114, in _http_post
    return client.post(url, data=data, headers=headers, form=form, timeout=timeout)
  File "C:\Users\stuib\PycharmProjects\ananta\agent\common\http.py", line 57, in post
    r = self.session.post(url, json=data or {}, headers=headers, timeout=timeout or self.timeout)
  File "C:\Users\stuib\AppData\Roaming\Python\Python313\site-packages\requests\sessions.py", line 637, in post
    return self.request("POST", url, data=data, json=json, **kwargs)
  File "C:\Users\stuib\AppData\Roaming\Python\Python313\site-packages\requests\sessions.py", line 589, in request
    resp = self.send(prep, **send_kwargs)
  File "C:\Users\stuib\AppData\Roaming\Python\Python313\site-packages\requests\sessions.py", line 703, in send
    r = adapter.send(request, **kwargs)
  File "C:\Users\stuib\AppData\Roaming\Python\Python313\site-packages\requests\adapters.py", line 667, in send
    resp = conn.urlopen(
  File "C:\Users\stuib\AppData\Roaming\Python\Python313\site-packages\urllib3\connectionpool.py", line 868, in urlopen
    log.warning(
Message: "Retrying (%r) after connection broken by '%r': %s"
Arguments: (Retry(total=2, connect=2, read=3, redirect=None, status=None), NameResolutionError("<urllib3.connection.HTTPConnection object at 0x000001BF902874D0>: Failed to resolve 'mock-controller' ([Errno 11001] getaddrinfo failed)"), '/register')
--- Logging error ---
Traceback (most recent call last):
  File "C:\Python313\Lib\logging\__init__.py", line 1154, in emit
    stream.write(msg + self.terminator)
    ~~~~~~~~~~~~^^^^^^^^^^^^^^^^^^^^^^^
ValueError: I/O operation on closed file.
Call stack:
  File "C:\Python313\Lib\threading.py", line 1014, in _bootstrap
    self._bootstrap_inner()
  File "C:\Python313\Lib\threading.py", line 1043, in _bootstrap_inner
    self.run()
  File "C:\Python313\Lib\threading.py", line 994, in run
    self._target(*self._args, **self._kwargs)
  File "C:\Python313\Lib\concurrent\futures\thread.py", line 93, in _worker
    work_item.run()
  File "C:\Python313\Lib\concurrent\futures\thread.py", line 59, in run
    result = self.fn(*self.args, **self.kwargs)
  File "C:\Users\stuib\PycharmProjects\ananta\agent\routes\system.py", line 212, in _check_agent
    res = http_client.get(check_url, timeout=3.0, return_response=True)
  File "C:\Users\stuib\PycharmProjects\ananta\agent\common\http.py", line 37, in get
    r = self.session.get(url, params=params, timeout=timeout or self.timeout)
  File "C:\Users\stuib\AppData\Roaming\Python\Python313\site-packages\requests\sessions.py", line 602, in get
    return self.request("GET", url, **kwargs)
  File "C:\Users\stuib\AppData\Roaming\Python\Python313\site-packages\requests\sessions.py", line 589, in request
    resp = self.send(prep, **send_kwargs)
  File "C:\Users\stuib\AppData\Roaming\Python\Python313\site-packages\requests\sessions.py", line 703, in send
    r = adapter.send(request, **kwargs)
  File "C:\Users\stuib\AppData\Roaming\Python\Python313\site-packages\requests\adapters.py", line 667, in send
    resp = conn.urlopen(
  File "C:\Users\stuib\AppData\Roaming\Python\Python313\site-packages\urllib3\connectionpool.py", line 868, in urlopen
    log.warning(
Message: "Retrying (%r) after connection broken by '%r': %s"
Arguments: (Retry(total=2, connect=2, read=3, redirect=None, status=None), NameResolutionError("<urllib3.connection.HTTPConnection object at 0x000001BF903791D0>: Failed to resolve 'invalid-url' ([Errno 11001] getaddrinfo failed)"), '/health')
--- Logging error ---
Traceback (most recent call last):
  File "C:\Python313\Lib\logging\__init__.py", line 1154, in emit
    stream.write(msg + self.terminator)
    ~~~~~~~~~~~~^^^^^^^^^^^^^^^^^^^^^^^
ValueError: I/O operation on closed file.
Call stack:
  File "C:\Python313\Lib\threading.py", line 1014, in _bootstrap
    self._bootstrap_inner()
  File "C:\Python313\Lib\threading.py", line 1043, in _bootstrap_inner
    self.run()
  File "C:\Python313\Lib\threading.py", line 994, in run
    self._target(*self._args, **self._kwargs)
  File "C:\Users\stuib\PycharmProjects\ananta\agent\ai_agent.py", line 177, in run_register
    success = register_with_hub(
  File "C:\Users\stuib\PycharmProjects\ananta\agent\utils.py", line 295, in register_with_hub
    response = _http_post(f"{hub_url}/register", payload)
  File "C:\Users\stuib\PycharmProjects\ananta\agent\utils.py", line 114, in _http_post
    return client.post(url, data=data, headers=headers, form=form, timeout=timeout)
  File "C:\Users\stuib\PycharmProjects\ananta\agent\common\http.py", line 57, in post
    r = self.session.post(url, json=data or {}, headers=headers, timeout=timeout or self.timeout)
  File "C:\Users\stuib\AppData\Roaming\Python\Python313\site-packages\requests\sessions.py", line 637, in post
    return self.request("POST", url, data=data, json=json, **kwargs)
  File "C:\Users\stuib\AppData\Roaming\Python\Python313\site-packages\requests\sessions.py", line 589, in request
    resp = self.send(prep, **send_kwargs)
  File "C:\Users\stuib\AppData\Roaming\Python\Python313\site-packages\requests\sessions.py", line 703, in send
    r = adapter.send(request, **kwargs)
  File "C:\Users\stuib\AppData\Roaming\Python\Python313\site-packages\requests\adapters.py", line 667, in send
    resp = conn.urlopen(
  File "C:\Users\stuib\AppData\Roaming\Python\Python313\site-packages\urllib3\connectionpool.py", line 871, in urlopen
    return self.urlopen(
  File "C:\Users\stuib\AppData\Roaming\Python\Python313\site-packages\urllib3\connectionpool.py", line 868, in urlopen
    log.warning(
Message: "Retrying (%r) after connection broken by '%r': %s"
Arguments: (Retry(total=1, connect=1, read=3, redirect=None, status=None), NameResolutionError("<urllib3.connection.HTTPConnection object at 0x000001BF8E354410>: Failed to resolve 'mock-controller' ([Errno 11001] getaddrinfo failed)"), '/register')
--- Logging error ---
Traceback (most recent call last):
  File "C:\Python313\Lib\logging\__init__.py", line 1154, in emit
    stream.write(msg + self.terminator)
    ~~~~~~~~~~~~^^^^^^^^^^^^^^^^^^^^^^^
ValueError: I/O operation on closed file.
Call stack:
  File "C:\Python313\Lib\threading.py", line 1014, in _bootstrap
    self._bootstrap_inner()
  File "C:\Python313\Lib\threading.py", line 1043, in _bootstrap_inner
    self.run()
  File "C:\Python313\Lib\threading.py", line 994, in run
    self._target(*self._args, **self._kwargs)
  File "C:\Python313\Lib\concurrent\futures\thread.py", line 93, in _worker
    work_item.run()
  File "C:\Python313\Lib\concurrent\futures\thread.py", line 59, in run
    result = self.fn(*self.args, **self.kwargs)
  File "C:\Users\stuib\PycharmProjects\ananta\agent\routes\system.py", line 212, in _check_agent
    res = http_client.get(check_url, timeout=3.0, return_response=True)
  File "C:\Users\stuib\PycharmProjects\ananta\agent\common\http.py", line 37, in get
    r = self.session.get(url, params=params, timeout=timeout or self.timeout)
  File "C:\Users\stuib\AppData\Roaming\Python\Python313\site-packages\requests\sessions.py", line 602, in get
    return self.request("GET", url, **kwargs)
  File "C:\Users\stuib\AppData\Roaming\Python\Python313\site-packages\requests\sessions.py", line 589, in request
    resp = self.send(prep, **send_kwargs)
  File "C:\Users\stuib\AppData\Roaming\Python\Python313\site-packages\requests\sessions.py", line 703, in send
    r = adapter.send(request, **kwargs)
  File "C:\Users\stuib\AppData\Roaming\Python\Python313\site-packages\requests\adapters.py", line 667, in send
    resp = conn.urlopen(
  File "C:\Users\stuib\AppData\Roaming\Python\Python313\site-packages\urllib3\connectionpool.py", line 871, in urlopen
    return self.urlopen(
  File "C:\Users\stuib\AppData\Roaming\Python\Python313\site-packages\urllib3\connectionpool.py", line 868, in urlopen
    log.warning(
Message: "Retrying (%r) after connection broken by '%r': %s"
Arguments: (Retry(total=1, connect=1, read=3, redirect=None, status=None), NameResolutionError("<urllib3.connection.HTTPConnection object at 0x000001BF8C68B360>: Failed to resolve 'invalid-url' ([Errno 11001] getaddrinfo failed)"), '/health')
--- Logging error ---
Traceback (most recent call last):
  File "C:\Python313\Lib\logging\__init__.py", line 1154, in emit
    stream.write(msg + self.terminator)
    ~~~~~~~~~~~~^^^^^^^^^^^^^^^^^^^^^^^
ValueError: I/O operation on closed file.
Call stack:
  File "C:\Python313\Lib\threading.py", line 1014, in _bootstrap
    self._bootstrap_inner()
  File "C:\Python313\Lib\threading.py", line 1043, in _bootstrap_inner
    self.run()
  File "C:\Python313\Lib\threading.py", line 994, in run
    self._target(*self._args, **self._kwargs)
  File "C:\Users\stuib\PycharmProjects\ananta\agent\ai_agent.py", line 177, in run_register
    success = register_with_hub(
  File "C:\Users\stuib\PycharmProjects\ananta\agent\utils.py", line 295, in register_with_hub
    response = _http_post(f"{hub_url}/register", payload)
  File "C:\Users\stuib\PycharmProjects\ananta\agent\utils.py", line 114, in _http_post
    return client.post(url, data=data, headers=headers, form=form, timeout=timeout)
  File "C:\Users\stuib\PycharmProjects\ananta\agent\common\http.py", line 57, in post
    r = self.session.post(url, json=data or {}, headers=headers, timeout=timeout or self.timeout)
  File "C:\Users\stuib\AppData\Roaming\Python\Python313\site-packages\requests\sessions.py", line 637, in post
    return self.request("POST", url, data=data, json=json, **kwargs)
  File "C:\Users\stuib\AppData\Roaming\Python\Python313\site-packages\requests\sessions.py", line 589, in request
    resp = self.send(prep, **send_kwargs)
  File "C:\Users\stuib\AppData\Roaming\Python\Python313\site-packages\requests\sessions.py", line 703, in send
    r = adapter.send(request, **kwargs)
  File "C:\Users\stuib\AppData\Roaming\Python\Python313\site-packages\requests\adapters.py", line 667, in send
    resp = conn.urlopen(
  File "C:\Users\stuib\AppData\Roaming\Python\Python313\site-packages\urllib3\connectionpool.py", line 871, in urlopen
    return self.urlopen(
  File "C:\Users\stuib\AppData\Roaming\Python\Python313\site-packages\urllib3\connectionpool.py", line 871, in urlopen
    return self.urlopen(
  File "C:\Users\stuib\AppData\Roaming\Python\Python313\site-packages\urllib3\connectionpool.py", line 868, in urlopen
    log.warning(
Message: "Retrying (%r) after connection broken by '%r': %s"
Arguments: (Retry(total=0, connect=0, read=3, redirect=None, status=None), NameResolutionError("<urllib3.connection.HTTPConnection object at 0x000001BF8C815BA0>: Failed to resolve 'mock-controller' ([Errno 11001] getaddrinfo failed)"), '/register')
--- Logging error ---
Traceback (most recent call last):
  File "C:\Python313\Lib\logging\__init__.py", line 1154, in emit
    stream.write(msg + self.terminator)
    ~~~~~~~~~~~~^^^^^^^^^^^^^^^^^^^^^^^
ValueError: I/O operation on closed file.
Call stack:
  File "C:\Python313\Lib\threading.py", line 1014, in _bootstrap
    self._bootstrap_inner()
  File "C:\Python313\Lib\threading.py", line 1043, in _bootstrap_inner
    self.run()
  File "C:\Python313\Lib\threading.py", line 994, in run
    self._target(*self._args, **self._kwargs)
  File "C:\Python313\Lib\concurrent\futures\thread.py", line 93, in _worker
    work_item.run()
  File "C:\Python313\Lib\concurrent\futures\thread.py", line 59, in run
    result = self.fn(*self.args, **self.kwargs)
  File "C:\Users\stuib\PycharmProjects\ananta\agent\routes\system.py", line 212, in _check_agent
    res = http_client.get(check_url, timeout=3.0, return_response=True)
  File "C:\Users\stuib\PycharmProjects\ananta\agent\common\http.py", line 37, in get
    r = self.session.get(url, params=params, timeout=timeout or self.timeout)
  File "C:\Users\stuib\AppData\Roaming\Python\Python313\site-packages\requests\sessions.py", line 602, in get
    return self.request("GET", url, **kwargs)
  File "C:\Users\stuib\AppData\Roaming\Python\Python313\site-packages\requests\sessions.py", line 589, in request
    resp = self.send(prep, **send_kwargs)
  File "C:\Users\stuib\AppData\Roaming\Python\Python313\site-packages\requests\sessions.py", line 703, in send
    r = adapter.send(request, **kwargs)
  File "C:\Users\stuib\AppData\Roaming\Python\Python313\site-packages\requests\adapters.py", line 667, in send
    resp = conn.urlopen(
  File "C:\Users\stuib\AppData\Roaming\Python\Python313\site-packages\urllib3\connectionpool.py", line 871, in urlopen
    return self.urlopen(
  File "C:\Users\stuib\AppData\Roaming\Python\Python313\site-packages\urllib3\connectionpool.py", line 871, in urlopen
    return self.urlopen(
  File "C:\Users\stuib\AppData\Roaming\Python\Python313\site-packages\urllib3\connectionpool.py", line 868, in urlopen
    log.warning(
Message: "Retrying (%r) after connection broken by '%r': %s"
Arguments: (Retry(total=0, connect=0, read=3, redirect=None, status=None), NameResolutionError("<urllib3.connection.HTTPConnection object at 0x000001BF8EB7BD10>: Failed to resolve 'invalid-url' ([Errno 11001] getaddrinfo failed)"), '/health')
--- Logging error ---
Traceback (most recent call last):
  File "C:\Users\stuib\AppData\Roaming\Python\Python313\site-packages\urllib3\connection.py", line 198, in _new_conn
    sock = connection.create_connection(
        (self._dns_host, self.port),
    ...<2 lines>...
        socket_options=self.socket_options,
    )
  File "C:\Users\stuib\AppData\Roaming\Python\Python313\site-packages\urllib3\util\connection.py", line 60, in create_connection
    for res in socket.getaddrinfo(host, port, family, socket.SOCK_STREAM):
               ~~~~~~~~~~~~~~~~~~^^^^^^^^^^^^^^^^^^^^^^^^^^^^^^^^^^^^^^^^
  File "C:\Python313\Lib\socket.py", line 977, in getaddrinfo
    for res in _socket.getaddrinfo(host, port, family, type, proto, flags):
               ~~~~~~~~~~~~~~~~~~~^^^^^^^^^^^^^^^^^^^^^^^^^^^^^^^^^^^^^^^^
socket.gaierror: [Errno 11001] getaddrinfo failed
The above exception was the direct cause of the following exception:
Traceback (most recent call last):
  File "C:\Users\stuib\AppData\Roaming\Python\Python313\site-packages\urllib3\connectionpool.py", line 787, in urlopen
    response = self._make_request(
        conn,
    ...<10 lines>...
        **response_kw,
    )
  File "C:\Users\stuib\AppData\Roaming\Python\Python313\site-packages\urllib3\connectionpool.py", line 493, in _make_request
    conn.request(
    ~~~~~~~~~~~~^
        method,
        ^^^^^^^
    ...<6 lines>...
        enforce_content_length=enforce_content_length,
        ^^^^^^^^^^^^^^^^^^^^^^^^^^^^^^^^^^^^^^^^^^^^^^
    )
    ^
  File "C:\Users\stuib\AppData\Roaming\Python\Python313\site-packages\urllib3\connection.py", line 494, in request
    self.endheaders()
    ~~~~~~~~~~~~~~~^^
  File "C:\Python313\Lib\http\client.py", line 1333, in endheaders
    self._send_output(message_body, encode_chunked=encode_chunked)
    ~~~~~~~~~~~~~~~~~^^^^^^^^^^^^^^^^^^^^^^^^^^^^^^^^^^^^^^^^^^^^^
  File "C:\Python313\Lib\http\client.py", line 1093, in _send_output
    self.send(msg)
    ~~~~~~~~~^^^^^
  File "C:\Python313\Lib\http\client.py", line 1037, in send
    self.connect()
    ~~~~~~~~~~~~^^
  File "C:\Users\stuib\AppData\Roaming\Python\Python313\site-packages\urllib3\connection.py", line 325, in connect
    self.sock = self._new_conn()
                ~~~~~~~~~~~~~~^^
  File "C:\Users\stuib\AppData\Roaming\Python\Python313\site-packages\urllib3\connection.py", line 205, in _new_conn
    raise NameResolutionError(self.host, self, e) from e
urllib3.exceptions.NameResolutionError: <urllib3.connection.HTTPConnection object at 0x000001BF90262470>: Failed to resolve 'mock-controller' ([Errno 11001] getaddrinfo failed)
The above exception was the direct cause of the following exception:
Traceback (most recent call last):
  File "C:\Users\stuib\AppData\Roaming\Python\Python313\site-packages\requests\adapters.py", line 667, in send
    resp = conn.urlopen(
        method=request.method,
    ...<9 lines>...
        chunked=chunked,
    )
  File "C:\Users\stuib\AppData\Roaming\Python\Python313\site-packages\urllib3\connectionpool.py", line 871, in urlopen
    return self.urlopen(
           ~~~~~~~~~~~~^
        method,
        ^^^^^^^
    ...<13 lines>...
        **response_kw,
        ^^^^^^^^^^^^^^
    )
    ^
  File "C:\Users\stuib\AppData\Roaming\Python\Python313\site-packages\urllib3\connectionpool.py", line 871, in urlopen
    return self.urlopen(
           ~~~~~~~~~~~~^
        method,
        ^^^^^^^
    ...<13 lines>...
        **response_kw,
        ^^^^^^^^^^^^^^
    )
    ^
  File "C:\Users\stuib\AppData\Roaming\Python\Python313\site-packages\urllib3\connectionpool.py", line 871, in urlopen
    return self.urlopen(
           ~~~~~~~~~~~~^
        method,
        ^^^^^^^
    ...<13 lines>...
        **response_kw,
        ^^^^^^^^^^^^^^
    )
    ^
  File "C:\Users\stuib\AppData\Roaming\Python\Python313\site-packages\urllib3\connectionpool.py", line 841, in urlopen
    retries = retries.increment(
        method, url, error=new_e, _pool=self, _stacktrace=sys.exc_info()[2]
    )
  File "C:\Users\stuib\AppData\Roaming\Python\Python313\site-packages\urllib3\util\retry.py", line 519, in increment
    raise MaxRetryError(_pool, url, reason) from reason  # type: ignore[arg-type]
    ^^^^^^^^^^^^^^^^^^^^^^^^^^^^^^^^^^^^^^^^^^^^^^^^^^^
urllib3.exceptions.MaxRetryError: HTTPConnectionPool(host='mock-controller', port=80): Max retries exceeded with url: /register (Caused by NameResolutionError("<urllib3.connection.HTTPConnection object at 0x000001BF90262470>: Failed to resolve 'mock-controller' ([Errno 11001] getaddrinfo failed)"))
During handling of the above exception, another exception occurred:
Traceback (most recent call last):
  File "C:\Users\stuib\PycharmProjects\ananta\agent\common\http.py", line 57, in post
    r = self.session.post(url, json=data or {}, headers=headers, timeout=timeout or self.timeout)
  File "C:\Users\stuib\AppData\Roaming\Python\Python313\site-packages\requests\sessions.py", line 637, in post
    return self.request("POST", url, data=data, json=json, **kwargs)
           ~~~~~~~~~~~~^^^^^^^^^^^^^^^^^^^^^^^^^^^^^^^^^^^^^^^^^^^^^
  File "C:\Users\stuib\AppData\Roaming\Python\Python313\site-packages\requests\sessions.py", line 589, in request
    resp = self.send(prep, **send_kwargs)
  File "C:\Users\stuib\AppData\Roaming\Python\Python313\site-packages\requests\sessions.py", line 703, in send
    r = adapter.send(request, **kwargs)
  File "C:\Users\stuib\AppData\Roaming\Python\Python313\site-packages\requests\adapters.py", line 700, in send
    raise ConnectionError(e, request=request)
requests.exceptions.ConnectionError: HTTPConnectionPool(host='mock-controller', port=80): Max retries exceeded with url: /register (Caused by NameResolutionError("<urllib3.connection.HTTPConnection object at 0x000001BF90262470>: Failed to resolve 'mock-controller' ([Errno 11001] getaddrinfo failed)"))
During handling of the above exception, another exception occurred:
Traceback (most recent call last):
  File "C:\Python313\Lib\logging\__init__.py", line 1154, in emit
    stream.write(msg + self.terminator)
    ~~~~~~~~~~~~^^^^^^^^^^^^^^^^^^^^^^^
ValueError: I/O operation on closed file.
Call stack:
  File "C:\Python313\Lib\threading.py", line 1014, in _bootstrap
    self._bootstrap_inner()
  File "C:\Python313\Lib\threading.py", line 1043, in _bootstrap_inner
    self.run()
  File "C:\Python313\Lib\threading.py", line 994, in run
    self._target(*self._args, **self._kwargs)
  File "C:\Users\stuib\PycharmProjects\ananta\agent\ai_agent.py", line 177, in run_register
    success = register_with_hub(
  File "C:\Users\stuib\PycharmProjects\ananta\agent\utils.py", line 295, in register_with_hub
    response = _http_post(f"{hub_url}/register", payload)
  File "C:\Users\stuib\PycharmProjects\ananta\agent\utils.py", line 114, in _http_post
    return client.post(url, data=data, headers=headers, form=form, timeout=timeout)
  File "C:\Users\stuib\PycharmProjects\ananta\agent\common\http.py", line 67, in post
    logging.error(f"HTTP POST Fehler: {url} - {e}")
Message: 'HTTP POST Fehler: http://mock-controller/register - HTTPConnectionPool(host=\'mock-controller\', port=80): Max retries exceeded with url: /register (Caused by NameResolutionError("<urllib3.connection.HTTPConnection object at 0x000001BF90262470>: Failed to resolve \'mock-controller\' ([Errno 11001] getaddrinfo failed)"))'
Arguments: ()
--- Logging error ---
Traceback (most recent call last):
  File "C:\Python313\Lib\logging\__init__.py", line 1154, in emit
    stream.write(msg + self.terminator)
    ~~~~~~~~~~~~^^^^^^^^^^^^^^^^^^^^^^^
ValueError: I/O operation on closed file.
Call stack:
  File "C:\Python313\Lib\threading.py", line 1014, in _bootstrap
    self._bootstrap_inner()
  File "C:\Python313\Lib\threading.py", line 1043, in _bootstrap_inner
    self.run()
  File "C:\Python313\Lib\threading.py", line 994, in run
    self._target(*self._args, **self._kwargs)
  File "C:\Users\stuib\PycharmProjects\ananta\agent\ai_agent.py", line 177, in run_register
    success = register_with_hub(
  File "C:\Users\stuib\PycharmProjects\ananta\agent\utils.py", line 296, in register_with_hub
    logging.info(f"Erfolgreich am Hub ({hub_url}) registriert.")
Message: 'Erfolgreich am Hub (http://mock-controller) registriert.'
Arguments: ()
--- Logging error ---
Traceback (most recent call last):
  File "C:\Users\stuib\AppData\Roaming\Python\Python313\site-packages\urllib3\connection.py", line 198, in _new_conn
    sock = connection.create_connection(
        (self._dns_host, self.port),
    ...<2 lines>...
        socket_options=self.socket_options,
    )
  File "C:\Users\stuib\AppData\Roaming\Python\Python313\site-packages\urllib3\util\connection.py", line 60, in create_connection
    for res in socket.getaddrinfo(host, port, family, socket.SOCK_STREAM):
               ~~~~~~~~~~~~~~~~~~^^^^^^^^^^^^^^^^^^^^^^^^^^^^^^^^^^^^^^^^
  File "C:\Python313\Lib\socket.py", line 977, in getaddrinfo
    for res in _socket.getaddrinfo(host, port, family, type, proto, flags):
               ~~~~~~~~~~~~~~~~~~~^^^^^^^^^^^^^^^^^^^^^^^^^^^^^^^^^^^^^^^^
socket.gaierror: [Errno 11001] getaddrinfo failed
The above exception was the direct cause of the following exception:
Traceback (most recent call last):
  File "C:\Users\stuib\AppData\Roaming\Python\Python313\site-packages\urllib3\connectionpool.py", line 787, in urlopen
    response = self._make_request(
        conn,
    ...<10 lines>...
        **response_kw,
    )
  File "C:\Users\stuib\AppData\Roaming\Python\Python313\site-packages\urllib3\connectionpool.py", line 493, in _make_request
    conn.request(
    ~~~~~~~~~~~~^
        method,
        ^^^^^^^
    ...<6 lines>...
        enforce_content_length=enforce_content_length,
        ^^^^^^^^^^^^^^^^^^^^^^^^^^^^^^^^^^^^^^^^^^^^^^
    )
    ^
  File "C:\Users\stuib\AppData\Roaming\Python\Python313\site-packages\urllib3\connection.py", line 494, in request
    self.endheaders()
    ~~~~~~~~~~~~~~~^^
  File "C:\Python313\Lib\http\client.py", line 1333, in endheaders
    self._send_output(message_body, encode_chunked=encode_chunked)
    ~~~~~~~~~~~~~~~~~^^^^^^^^^^^^^^^^^^^^^^^^^^^^^^^^^^^^^^^^^^^^^
  File "C:\Python313\Lib\http\client.py", line 1093, in _send_output
    self.send(msg)
    ~~~~~~~~~^^^^^
  File "C:\Python313\Lib\http\client.py", line 1037, in send
    self.connect()
    ~~~~~~~~~~~~^^
  File "C:\Users\stuib\AppData\Roaming\Python\Python313\site-packages\urllib3\connection.py", line 325, in connect
    self.sock = self._new_conn()
                ~~~~~~~~~~~~~~^^
  File "C:\Users\stuib\AppData\Roaming\Python\Python313\site-packages\urllib3\connection.py", line 205, in _new_conn
    raise NameResolutionError(self.host, self, e) from e
urllib3.exceptions.NameResolutionError: <urllib3.connection.HTTPConnection object at 0x000001BF90262140>: Failed to resolve 'invalid-url' ([Errno 11001] getaddrinfo failed)
The above exception was the direct cause of the following exception:
Traceback (most recent call last):
  File "C:\Users\stuib\AppData\Roaming\Python\Python313\site-packages\requests\adapters.py", line 667, in send
    resp = conn.urlopen(
        method=request.method,
    ...<9 lines>...
        chunked=chunked,
    )
  File "C:\Users\stuib\AppData\Roaming\Python\Python313\site-packages\urllib3\connectionpool.py", line 871, in urlopen
    return self.urlopen(
           ~~~~~~~~~~~~^
        method,
        ^^^^^^^
    ...<13 lines>...
        **response_kw,
        ^^^^^^^^^^^^^^
    )
    ^
  File "C:\Users\stuib\AppData\Roaming\Python\Python313\site-packages\urllib3\connectionpool.py", line 871, in urlopen
    return self.urlopen(
           ~~~~~~~~~~~~^
        method,
        ^^^^^^^
    ...<13 lines>...
        **response_kw,
        ^^^^^^^^^^^^^^
    )
    ^
  File "C:\Users\stuib\AppData\Roaming\Python\Python313\site-packages\urllib3\connectionpool.py", line 871, in urlopen
    return self.urlopen(
           ~~~~~~~~~~~~^
        method,
        ^^^^^^^
    ...<13 lines>...
        **response_kw,
        ^^^^^^^^^^^^^^
    )
    ^
  File "C:\Users\stuib\AppData\Roaming\Python\Python313\site-packages\urllib3\connectionpool.py", line 841, in urlopen
    retries = retries.increment(
        method, url, error=new_e, _pool=self, _stacktrace=sys.exc_info()[2]
    )
  File "C:\Users\stuib\AppData\Roaming\Python\Python313\site-packages\urllib3\util\retry.py", line 519, in increment
    raise MaxRetryError(_pool, url, reason) from reason  # type: ignore[arg-type]
    ^^^^^^^^^^^^^^^^^^^^^^^^^^^^^^^^^^^^^^^^^^^^^^^^^^^
urllib3.exceptions.MaxRetryError: HTTPConnectionPool(host='invalid-url', port=80): Max retries exceeded with url: /health (Caused by NameResolutionError("<urllib3.connection.HTTPConnection object at 0x000001BF90262140>: Failed to resolve 'invalid-url' ([Errno 11001] getaddrinfo failed)"))
During handling of the above exception, another exception occurred:
Traceback (most recent call last):
  File "C:\Users\stuib\PycharmProjects\ananta\agent\common\http.py", line 37, in get
    r = self.session.get(url, params=params, timeout=timeout or self.timeout)
  File "C:\Users\stuib\AppData\Roaming\Python\Python313\site-packages\requests\sessions.py", line 602, in get
    return self.request("GET", url, **kwargs)
           ~~~~~~~~~~~~^^^^^^^^^^^^^^^^^^^^^^
  File "C:\Users\stuib\AppData\Roaming\Python\Python313\site-packages\requests\sessions.py", line 589, in request
    resp = self.send(prep, **send_kwargs)
  File "C:\Users\stuib\AppData\Roaming\Python\Python313\site-packages\requests\sessions.py", line 703, in send
    r = adapter.send(request, **kwargs)
  File "C:\Users\stuib\AppData\Roaming\Python\Python313\site-packages\requests\adapters.py", line 700, in send
    raise ConnectionError(e, request=request)
requests.exceptions.ConnectionError: HTTPConnectionPool(host='invalid-url', port=80): Max retries exceeded with url: /health (Caused by NameResolutionError("<urllib3.connection.HTTPConnection object at 0x000001BF90262140>: Failed to resolve 'invalid-url' ([Errno 11001] getaddrinfo failed)"))
During handling of the above exception, another exception occurred:
Traceback (most recent call last):
  File "C:\Python313\Lib\logging\__init__.py", line 1154, in emit
    stream.write(msg + self.terminator)
    ~~~~~~~~~~~~^^^^^^^^^^^^^^^^^^^^^^^
ValueError: I/O operation on closed file.
Call stack:
  File "C:\Python313\Lib\threading.py", line 1014, in _bootstrap
    self._bootstrap_inner()
  File "C:\Python313\Lib\threading.py", line 1043, in _bootstrap_inner
    self.run()
  File "C:\Python313\Lib\threading.py", line 994, in run
    self._target(*self._args, **self._kwargs)
  File "C:\Python313\Lib\concurrent\futures\thread.py", line 93, in _worker
    work_item.run()
  File "C:\Python313\Lib\concurrent\futures\thread.py", line 59, in run
    result = self.fn(*self.args, **self.kwargs)
  File "C:\Users\stuib\PycharmProjects\ananta\agent\routes\system.py", line 212, in _check_agent
    res = http_client.get(check_url, timeout=3.0, return_response=True)
  File "C:\Users\stuib\PycharmProjects\ananta\agent\common\http.py", line 49, in get
    logging.error(f"HTTP GET Fehler: {url} - {e}")
Message: 'HTTP GET Fehler: http://invalid-url/health - HTTPConnectionPool(host=\'invalid-url\', port=80): Max retries exceeded with url: /health (Caused by NameResolutionError("<urllib3.connection.HTTPConnection object at 0x000001BF90262140>: Failed to resolve \'invalid-url\' ([Errno 11001] getaddrinfo failed)"))'
Arguments: ()
--- Logging error ---
Traceback (most recent call last):
  File "C:\Python313\Lib\logging\__init__.py", line 1154, in emit
    stream.write(msg + self.terminator)
    ~~~~~~~~~~~~^^^^^^^^^^^^^^^^^^^^^^^
ValueError: I/O operation on closed file.
Call stack:
  File "C:\Python313\Lib\threading.py", line 1014, in _bootstrap
    self._bootstrap_inner()
  File "C:\Python313\Lib\threading.py", line 1043, in _bootstrap_inner
    self.run()
  File "C:\Python313\Lib\threading.py", line 994, in run
    self._target(*self._args, **self._kwargs)
  File "C:\Python313\Lib\concurrent\futures\thread.py", line 93, in _worker
    work_item.run()
  File "C:\Python313\Lib\concurrent\futures\thread.py", line 59, in run
    result = self.fn(*self.args, **self.kwargs)
  File "C:\Users\stuib\PycharmProjects\ananta\agent\routes\system.py", line 214, in _check_agent
    res = http_client.get(url, timeout=3.0, return_response=True)
  File "C:\Users\stuib\PycharmProjects\ananta\agent\common\http.py", line 37, in get
    r = self.session.get(url, params=params, timeout=timeout or self.timeout)
  File "C:\Users\stuib\AppData\Roaming\Python\Python313\site-packages\requests\sessions.py", line 602, in get
    return self.request("GET", url, **kwargs)
  File "C:\Users\stuib\AppData\Roaming\Python\Python313\site-packages\requests\sessions.py", line 589, in request
    resp = self.send(prep, **send_kwargs)
  File "C:\Users\stuib\AppData\Roaming\Python\Python313\site-packages\requests\sessions.py", line 703, in send
    r = adapter.send(request, **kwargs)
  File "C:\Users\stuib\AppData\Roaming\Python\Python313\site-packages\requests\adapters.py", line 667, in send
    resp = conn.urlopen(
  File "C:\Users\stuib\AppData\Roaming\Python\Python313\site-packages\urllib3\connectionpool.py", line 868, in urlopen
    log.warning(
Message: "Retrying (%r) after connection broken by '%r': %s"
Arguments: (Retry(total=2, connect=2, read=3, redirect=None, status=None), NameResolutionError("<urllib3.connection.HTTPConnection object at 0x000001BF90262690>: Failed to resolve 'invalid-url' ([Errno 11001] getaddrinfo failed)"), '/')
--- Logging error ---
Traceback (most recent call last):
  File "C:\Python313\Lib\logging\__init__.py", line 1154, in emit
    stream.write(msg + self.terminator)
    ~~~~~~~~~~~~^^^^^^^^^^^^^^^^^^^^^^^
ValueError: I/O operation on closed file.
Call stack:
  File "C:\Python313\Lib\threading.py", line 1014, in _bootstrap
    self._bootstrap_inner()
  File "C:\Python313\Lib\threading.py", line 1043, in _bootstrap_inner
    self.run()
  File "C:\Python313\Lib\threading.py", line 994, in run
    self._target(*self._args, **self._kwargs)
  File "C:\Python313\Lib\concurrent\futures\thread.py", line 93, in _worker
    work_item.run()
  File "C:\Python313\Lib\concurrent\futures\thread.py", line 59, in run
    result = self.fn(*self.args, **self.kwargs)
  File "C:\Users\stuib\PycharmProjects\ananta\agent\routes\system.py", line 214, in _check_agent
    res = http_client.get(url, timeout=3.0, return_response=True)
  File "C:\Users\stuib\PycharmProjects\ananta\agent\common\http.py", line 37, in get
    r = self.session.get(url, params=params, timeout=timeout or self.timeout)
  File "C:\Users\stuib\AppData\Roaming\Python\Python313\site-packages\requests\sessions.py", line 602, in get
    return self.request("GET", url, **kwargs)
  File "C:\Users\stuib\AppData\Roaming\Python\Python313\site-packages\requests\sessions.py", line 589, in request
    resp = self.send(prep, **send_kwargs)
  File "C:\Users\stuib\AppData\Roaming\Python\Python313\site-packages\requests\sessions.py", line 703, in send
    r = adapter.send(request, **kwargs)
  File "C:\Users\stuib\AppData\Roaming\Python\Python313\site-packages\requests\adapters.py", line 667, in send
    resp = conn.urlopen(
  File "C:\Users\stuib\AppData\Roaming\Python\Python313\site-packages\urllib3\connectionpool.py", line 871, in urlopen
    return self.urlopen(
  File "C:\Users\stuib\AppData\Roaming\Python\Python313\site-packages\urllib3\connectionpool.py", line 868, in urlopen
    log.warning(
Message: "Retrying (%r) after connection broken by '%r': %s"
Arguments: (Retry(total=1, connect=1, read=3, redirect=None, status=None), NameResolutionError("<urllib3.connection.HTTPConnection object at 0x000001BF90262CF0>: Failed to resolve 'invalid-url' ([Errno 11001] getaddrinfo failed)"), '/')
--- Logging error ---
Traceback (most recent call last):
  File "C:\Python313\Lib\logging\__init__.py", line 1154, in emit
    stream.write(msg + self.terminator)
    ~~~~~~~~~~~~^^^^^^^^^^^^^^^^^^^^^^^
ValueError: I/O operation on closed file.
Call stack:
  File "C:\Python313\Lib\threading.py", line 1014, in _bootstrap
    self._bootstrap_inner()
  File "C:\Python313\Lib\threading.py", line 1043, in _bootstrap_inner
    self.run()
  File "C:\Python313\Lib\threading.py", line 994, in run
    self._target(*self._args, **self._kwargs)
  File "C:\Python313\Lib\concurrent\futures\thread.py", line 93, in _worker
    work_item.run()
  File "C:\Python313\Lib\concurrent\futures\thread.py", line 59, in run
    result = self.fn(*self.args, **self.kwargs)
  File "C:\Users\stuib\PycharmProjects\ananta\agent\routes\system.py", line 214, in _check_agent
    res = http_client.get(url, timeout=3.0, return_response=True)
  File "C:\Users\stuib\PycharmProjects\ananta\agent\common\http.py", line 37, in get
    r = self.session.get(url, params=params, timeout=timeout or self.timeout)
  File "C:\Users\stuib\AppData\Roaming\Python\Python313\site-packages\requests\sessions.py", line 602, in get
    return self.request("GET", url, **kwargs)
  File "C:\Users\stuib\AppData\Roaming\Python\Python313\site-packages\requests\sessions.py", line 589, in request
    resp = self.send(prep, **send_kwargs)
  File "C:\Users\stuib\AppData\Roaming\Python\Python313\site-packages\requests\sessions.py", line 703, in send
    r = adapter.send(request, **kwargs)
  File "C:\Users\stuib\AppData\Roaming\Python\Python313\site-packages\requests\adapters.py", line 667, in send
    resp = conn.urlopen(
  File "C:\Users\stuib\AppData\Roaming\Python\Python313\site-packages\urllib3\connectionpool.py", line 871, in urlopen
    return self.urlopen(
  File "C:\Users\stuib\AppData\Roaming\Python\Python313\site-packages\urllib3\connectionpool.py", line 871, in urlopen
    return self.urlopen(
  File "C:\Users\stuib\AppData\Roaming\Python\Python313\site-packages\urllib3\connectionpool.py", line 868, in urlopen
    log.warning(
Message: "Retrying (%r) after connection broken by '%r': %s"
Arguments: (Retry(total=0, connect=0, read=3, redirect=None, status=None), NameResolutionError("<urllib3.connection.HTTPConnection object at 0x000001BF90262F10>: Failed to resolve 'invalid-url' ([Errno 11001] getaddrinfo failed)"), '/')
--- Logging error ---
Traceback (most recent call last):
  File "C:\Users\stuib\AppData\Roaming\Python\Python313\site-packages\urllib3\connection.py", line 198, in _new_conn
    sock = connection.create_connection(
        (self._dns_host, self.port),
    ...<2 lines>...
        socket_options=self.socket_options,
    )
  File "C:\Users\stuib\AppData\Roaming\Python\Python313\site-packages\urllib3\util\connection.py", line 60, in create_connection
    for res in socket.getaddrinfo(host, port, family, socket.SOCK_STREAM):
               ~~~~~~~~~~~~~~~~~~^^^^^^^^^^^^^^^^^^^^^^^^^^^^^^^^^^^^^^^^
  File "C:\Python313\Lib\socket.py", line 977, in getaddrinfo
    for res in _socket.getaddrinfo(host, port, family, type, proto, flags):
               ~~~~~~~~~~~~~~~~~~~^^^^^^^^^^^^^^^^^^^^^^^^^^^^^^^^^^^^^^^^
socket.gaierror: [Errno 11001] getaddrinfo failed
The above exception was the direct cause of the following exception:
Traceback (most recent call last):
  File "C:\Users\stuib\AppData\Roaming\Python\Python313\site-packages\urllib3\connectionpool.py", line 787, in urlopen
    response = self._make_request(
        conn,
    ...<10 lines>...
        **response_kw,
    )
  File "C:\Users\stuib\AppData\Roaming\Python\Python313\site-packages\urllib3\connectionpool.py", line 493, in _make_request
    conn.request(
    ~~~~~~~~~~~~^
        method,
        ^^^^^^^
    ...<6 lines>...
        enforce_content_length=enforce_content_length,
        ^^^^^^^^^^^^^^^^^^^^^^^^^^^^^^^^^^^^^^^^^^^^^^
    )
    ^
  File "C:\Users\stuib\AppData\Roaming\Python\Python313\site-packages\urllib3\connection.py", line 494, in request
    self.endheaders()
    ~~~~~~~~~~~~~~~^^
  File "C:\Python313\Lib\http\client.py", line 1333, in endheaders
    self._send_output(message_body, encode_chunked=encode_chunked)
    ~~~~~~~~~~~~~~~~~^^^^^^^^^^^^^^^^^^^^^^^^^^^^^^^^^^^^^^^^^^^^^
  File "C:\Python313\Lib\http\client.py", line 1093, in _send_output
    self.send(msg)
    ~~~~~~~~~^^^^^
  File "C:\Python313\Lib\http\client.py", line 1037, in send
    self.connect()
    ~~~~~~~~~~~~^^
  File "C:\Users\stuib\AppData\Roaming\Python\Python313\site-packages\urllib3\connection.py", line 325, in connect
    self.sock = self._new_conn()
                ~~~~~~~~~~~~~~^^
  File "C:\Users\stuib\AppData\Roaming\Python\Python313\site-packages\urllib3\connection.py", line 205, in _new_conn
    raise NameResolutionError(self.host, self, e) from e
urllib3.exceptions.NameResolutionError: <urllib3.connection.HTTPConnection object at 0x000001BF90263130>: Failed to resolve 'invalid-url' ([Errno 11001] getaddrinfo failed)
The above exception was the direct cause of the following exception:
Traceback (most recent call last):
  File "C:\Users\stuib\AppData\Roaming\Python\Python313\site-packages\requests\adapters.py", line 667, in send
    resp = conn.urlopen(
        method=request.method,
    ...<9 lines>...
        chunked=chunked,
    )
  File "C:\Users\stuib\AppData\Roaming\Python\Python313\site-packages\urllib3\connectionpool.py", line 871, in urlopen
    return self.urlopen(
           ~~~~~~~~~~~~^
        method,
        ^^^^^^^
    ...<13 lines>...
        **response_kw,
        ^^^^^^^^^^^^^^
    )
    ^
  File "C:\Users\stuib\AppData\Roaming\Python\Python313\site-packages\urllib3\connectionpool.py", line 871, in urlopen
    return self.urlopen(
           ~~~~~~~~~~~~^
        method,
        ^^^^^^^
    ...<13 lines>...
        **response_kw,
        ^^^^^^^^^^^^^^
    )
    ^
  File "C:\Users\stuib\AppData\Roaming\Python\Python313\site-packages\urllib3\connectionpool.py", line 871, in urlopen
    return self.urlopen(
           ~~~~~~~~~~~~^
        method,
        ^^^^^^^
    ...<13 lines>...
        **response_kw,
        ^^^^^^^^^^^^^^
    )
    ^
  File "C:\Users\stuib\AppData\Roaming\Python\Python313\site-packages\urllib3\connectionpool.py", line 841, in urlopen
    retries = retries.increment(
        method, url, error=new_e, _pool=self, _stacktrace=sys.exc_info()[2]
    )
  File "C:\Users\stuib\AppData\Roaming\Python\Python313\site-packages\urllib3\util\retry.py", line 519, in increment
    raise MaxRetryError(_pool, url, reason) from reason  # type: ignore[arg-type]
    ^^^^^^^^^^^^^^^^^^^^^^^^^^^^^^^^^^^^^^^^^^^^^^^^^^^
urllib3.exceptions.MaxRetryError: HTTPConnectionPool(host='invalid-url', port=80): Max retries exceeded with url: / (Caused by NameResolutionError("<urllib3.connection.HTTPConnection object at 0x000001BF90263130>: Failed to resolve 'invalid-url' ([Errno 11001] getaddrinfo failed)"))
During handling of the above exception, another exception occurred:
Traceback (most recent call last):
  File "C:\Users\stuib\PycharmProjects\ananta\agent\common\http.py", line 37, in get
    r = self.session.get(url, params=params, timeout=timeout or self.timeout)
  File "C:\Users\stuib\AppData\Roaming\Python\Python313\site-packages\requests\sessions.py", line 602, in get
    return self.request("GET", url, **kwargs)
           ~~~~~~~~~~~~^^^^^^^^^^^^^^^^^^^^^^
  File "C:\Users\stuib\AppData\Roaming\Python\Python313\site-packages\requests\sessions.py", line 589, in request
    resp = self.send(prep, **send_kwargs)
  File "C:\Users\stuib\AppData\Roaming\Python\Python313\site-packages\requests\sessions.py", line 703, in send
    r = adapter.send(request, **kwargs)
  File "C:\Users\stuib\AppData\Roaming\Python\Python313\site-packages\requests\adapters.py", line 700, in send
    raise ConnectionError(e, request=request)
requests.exceptions.ConnectionError: HTTPConnectionPool(host='invalid-url', port=80): Max retries exceeded with url: / (Caused by NameResolutionError("<urllib3.connection.HTTPConnection object at 0x000001BF90263130>: Failed to resolve 'invalid-url' ([Errno 11001] getaddrinfo failed)"))
During handling of the above exception, another exception occurred:
Traceback (most recent call last):
  File "C:\Python313\Lib\logging\__init__.py", line 1154, in emit
    stream.write(msg + self.terminator)
    ~~~~~~~~~~~~^^^^^^^^^^^^^^^^^^^^^^^
ValueError: I/O operation on closed file.
Call stack:
  File "C:\Python313\Lib\threading.py", line 1014, in _bootstrap
    self._bootstrap_inner()
  File "C:\Python313\Lib\threading.py", line 1043, in _bootstrap_inner
    self.run()
  File "C:\Python313\Lib\threading.py", line 994, in run
    self._target(*self._args, **self._kwargs)
  File "C:\Python313\Lib\concurrent\futures\thread.py", line 93, in _worker
    work_item.run()
  File "C:\Python313\Lib\concurrent\futures\thread.py", line 59, in run
    result = self.fn(*self.args, **self.kwargs)
  File "C:\Users\stuib\PycharmProjects\ananta\agent\routes\system.py", line 214, in _check_agent
    res = http_client.get(url, timeout=3.0, return_response=True)
  File "C:\Users\stuib\PycharmProjects\ananta\agent\common\http.py", line 49, in get
    logging.error(f"HTTP GET Fehler: {url} - {e}")
Message: 'HTTP GET Fehler: http://invalid-url - HTTPConnectionPool(host=\'invalid-url\', port=80): Max retries exceeded with url: / (Caused by NameResolutionError("<urllib3.connection.HTTPConnection object at 0x000001BF90263130>: Failed to resolve \'invalid-url\' ([Errno 11001] getaddrinfo failed)"))'
Arguments: ()