<?xml version="1.0" encoding="utf-8"?><testsuites name="pytest tests"><testsuite name="pytest" errors="0" failures="0" skipped="0" tests="10" time="1.487" timestamp="2026-02-09T14:38:45.989314+01:00" hostname="krustys_frame"><testcase classname="tests.test_auth_scenarios" name="test_agent_token_header" time="0.030" /><testcase classname="tests.test_auth_scenarios" name="test_agent_token_query" time="0.013" /><testcase classname="tests.test_auth_scenarios" name="test_agent_jwt_header" time="0.022" /><testcase classname="tests.test_auth_scenarios" name="test_user_jwt_admin" time="0.016" /><testcase classname="tests.test_auth_scenarios" name="test_user_jwt_regular" time="0.014" /><testcase classname="tests.test_auth_scenarios" name="test_invalid_token" time="0.012" /><testcase classname="tests.test_auth_scenarios" name="test_missing_token" time="0.012" /><testcase classname="tests.test_auth_scenarios" name="test_multi_decorator_auth" time="0.012" /><testcase classname="tests.test_auth_scenarios" name="test_expired_token" time="0.013" /><testcase classname="tests.test_auth_scenarios" name="test_no_auth_configured" time="0.013" /></testsuite></testsuites>